nRF Connect, 2022-11-01
Bose Color II SoundLink (04:52:C7:83:0A:52)
V	19:28:44.849	Connecting to 04:52:C7:83:0A:52...
D	19:28:44.849	gatt = device.connectGatt(autoConnect = false, TRANSPORT_LE, preferred PHY = LE 1M)
D	19:28:45.691	[Broadcast] Action received: android.bluetooth.device.action.ACL_CONNECTED
D	19:28:45.704	[Callback] Connection state changed with status: 0 and new state: CONNECTED (2)
I	19:28:45.704	Connected to 04:52:C7:83:0A:52
V	19:28:45.704	Discovering services...
D	19:28:45.704	gatt.discoverServices()
I	19:28:46.411	Connection parameters updated (interval: 30.0ms, latency: 0, timeout: 4000ms)
I	19:28:46.626	Connection parameters updated (interval: 7.5ms, latency: 0, timeout: 5000ms)
D	19:28:46.851	[Callback] Services discovered with status: 0
I	19:28:46.851	Services discovered
V	19:28:46.860	Unknown Service (0000febe-0000-1000-8000-00805f9b34fb)
- Unknown Characteristic [N R] (9ec813b4-256b-4090-93a8-a4f0e9107733)
   Client Characteristic Configuration (0x2902)
- Unknown Characteristic [N R W WNR] (d417c028-9818-4354-99d1-2ac09d074591)
   Client Characteristic Configuration (0x2902)
- Unknown Characteristic [W] (234bfbd5-e3b3-4536-a3fe-723620d4b78d)
Generic Attribute (0x1801)
- Service Changed [I] (0x2A05)
   Client Characteristic Configuration (0x2902)
Generic Access (0x1800)
- Device Name [R] (0x2A00)
- Appearance [R] (0x2A01)
Device Information (0x180A)
- Manufacturer Name String [R] (0x2A29)
- Model Number String [R] (0x2A24)
- Serial Number String [R] (0x2A25)
- Hardware Revision String [R] (0x2A27)
- Firmware Revision String [R] (0x2A26)
- Software Revision String [R] (0x2A28)
- System ID [R] (0x2A23)
- PnP ID [R] (0x2A50)
D	19:28:46.860	gatt.setCharacteristicNotification(9ec813b4-256b-4090-93a8-a4f0e9107733, true)
D	19:28:46.861	gatt.setCharacteristicNotification(d417c028-9818-4354-99d1-2ac09d074591, true)
D	19:28:46.862	gatt.setCharacteristicNotification(00002a05-0000-1000-8000-00805f9b34fb, true)
I	19:28:46.950	Connection parameters updated (interval: 30.0ms, latency: 0, timeout: 4000ms)
V	19:28:53.092	Reading characteristic 9ec813b4-256b-4090-93a8-a4f0e9107733
D	19:28:53.092	gatt.readCharacteristic(9ec813b4-256b-4090-93a8-a4f0e9107733)
I	19:28:53.131	Read Response received from 9ec813b4-256b-4090-93a8-a4f0e9107733, value: (0x) 00-00-00-00-00-00
A	19:28:53.131	"(0x) 00-00-00-00-00-00" received
V	19:28:54.944	Enabling notifications for 9ec813b4-256b-4090-93a8-a4f0e9107733
D	19:28:54.944	gatt.setCharacteristicNotification(9ec813b4-256b-4090-93a8-a4f0e9107733, true)
D	19:28:54.945	gatt.writeDescriptor(00002902-0000-1000-8000-00805f9b34fb, value=0x0100)
I	19:28:54.990	Data written to descr. 00002902-0000-1000-8000-00805f9b34fb, value: (0x) 01-00
A	19:28:54.990	"Notifications enabled" sent
V	19:28:54.993	Notifications enabled for 9ec813b4-256b-4090-93a8-a4f0e9107733
I	19:28:54.996	Notification received from 9ec813b4-256b-4090-93a8-a4f0e9107733, value: (0x) 00-00-00-00-00-00
A	19:28:54.996	"(0x) 00-00-00-00-00-00" received
V	19:28:56.710	Disabling notifications for 9ec813b4-256b-4090-93a8-a4f0e9107733
D	19:28:56.710	gatt.setCharacteristicNotification(9ec813b4-256b-4090-93a8-a4f0e9107733, false)
D	19:28:56.711	gatt.writeDescriptor(00002902-0000-1000-8000-00805f9b34fb, value=0x0000)
I	19:28:56.761	Data written to descr. 00002902-0000-1000-8000-00805f9b34fb, value: (0x) 00-00
A	19:28:56.761	"Notifications and indications disabled" sent
V	19:28:56.764	Notifications and indications disabled for 9ec813b4-256b-4090-93a8-a4f0e9107733
V	19:28:57.791	Reading descriptor 00002902-0000-1000-8000-00805f9b34fb
D	19:28:57.791	gatt.readDescriptor(00002902-0000-1000-8000-00805f9b34fb)
I	19:28:57.840	Read Response received from descr. 00002902-0000-1000-8000-00805f9b34fb, value: (0x) 00-00
A	19:28:57.840	"Notifications and indications disabled" received
V	19:28:58.603	Reading descriptor 00002902-0000-1000-8000-00805f9b34fb
D	19:28:58.603	gatt.readDescriptor(00002902-0000-1000-8000-00805f9b34fb)
I	19:28:58.650	Read Response received from descr. 00002902-0000-1000-8000-00805f9b34fb, value: (0x) 00-00
A	19:28:58.650	"Notifications and indications disabled" received
V	19:28:59.401	Reading descriptor 00002902-0000-1000-8000-00805f9b34fb
D	19:28:59.401	gatt.readDescriptor(00002902-0000-1000-8000-00805f9b34fb)
I	19:28:59.461	Read Response received from descr. 00002902-0000-1000-8000-00805f9b34fb, value: (0x) 00-00
A	19:28:59.461	"Notifications and indications disabled" received
V	19:29:01.602	Reading characteristic d417c028-9818-4354-99d1-2ac09d074591
D	19:29:01.602	gatt.readCharacteristic(d417c028-9818-4354-99d1-2ac09d074591)
I	19:29:01.650	Read Response received from d417c028-9818-4354-99d1-2ac09d074591, value: 0 bytes
V	19:29:04.471	Reading descriptor 00002902-0000-1000-8000-00805f9b34fb
D	19:29:04.471	gatt.readDescriptor(00002902-0000-1000-8000-00805f9b34fb)
I	19:29:04.530	Read Response received from descr. 00002902-0000-1000-8000-00805f9b34fb, value: (0x) 00-00
A	19:29:04.530	"Notifications and indications disabled" received
V	19:29:09.588	Reading descriptor 00002902-0000-1000-8000-00805f9b34fb
D	19:29:09.588	gatt.readDescriptor(00002902-0000-1000-8000-00805f9b34fb)
I	19:29:09.631	Read Response received from descr. 00002902-0000-1000-8000-00805f9b34fb, value: (0x) 00-00
A	19:29:09.631	"Notifications and indications disabled" received
V	19:29:13.364	Reading characteristic 00002a01-0000-1000-8000-00805f9b34fb
D	19:29:13.364	gatt.readCharacteristic(00002a01-0000-1000-8000-00805f9b34fb)
I	19:29:13.410	Read Response received from 00002a01-0000-1000-8000-00805f9b34fb, value: (0x) 00-00
A	19:29:13.410	"[0] Unknown" received
V	19:29:17.696	Reading characteristic 00002a29-0000-1000-8000-00805f9b34fb
D	19:29:17.696	gatt.readCharacteristic(00002a29-0000-1000-8000-00805f9b34fb)
I	19:29:17.791	Read Response received from 00002a29-0000-1000-8000-00805f9b34fb, value: (0x) 42-6F-73-65-20-43-6F-72-70-6F-72-61-74-69-6F-6E, "Bose Corporation"
A	19:29:17.791	"Bose Corporation" received
V	19:29:18.753	Reading characteristic 00002a24-0000-1000-8000-00805f9b34fb
D	19:29:18.753	gatt.readCharacteristic(00002a24-0000-1000-8000-00805f9b34fb)
I	19:29:18.810	Read Response received from 00002a24-0000-1000-8000-00805f9b34fb, value: (0x) 34-2E-30-2E-30, "4.0.0"
A	19:29:18.810	"4.0.0" received
V	19:29:20.169	Reading characteristic 00002a25-0000-1000-8000-00805f9b34fb
D	19:29:20.169	gatt.readCharacteristic(00002a25-0000-1000-8000-00805f9b34fb)
I	19:29:20.221	Read Response received from 00002a25-0000-1000-8000-00805f9b34fb, value: (0x) 35-37-30-32-37-36-35-36-36-32-30-33-30-30-31-30, "5702765662030010"
A	19:29:20.221	"5702765662030010" received
V	19:29:21.680	Reading characteristic 00002a27-0000-1000-8000-00805f9b34fb
D	19:29:21.680	gatt.readCharacteristic(00002a27-0000-1000-8000-00805f9b34fb)
I	19:29:21.750	Read Response received from 00002a27-0000-1000-8000-00805f9b34fb, value: (0x) 31-2E-30-2E-30, "1.0.0"
A	19:29:21.750	"1.0.0" received
V	19:29:22.538	Reading characteristic 00002a26-0000-1000-8000-00805f9b34fb
D	19:29:22.538	gatt.readCharacteristic(00002a26-0000-1000-8000-00805f9b34fb)
I	19:29:22.591	Read Response received from 00002a26-0000-1000-8000-00805f9b34fb, value: (0x) 31-2E-31-2E-33, "1.1.3"
A	19:29:22.591	"1.1.3" received
V	19:29:24.640	Reading characteristic 00002a28-0000-1000-8000-00805f9b34fb
D	19:29:24.640	gatt.readCharacteristic(00002a28-0000-1000-8000-00805f9b34fb)
I	19:29:24.722	Read Response received from 00002a28-0000-1000-8000-00805f9b34fb, value: (0x) 31-2E-31-2E-33, "1.1.3"
A	19:29:24.722	"1.1.3" received
V	19:29:26.875	Reading characteristic 00002a23-0000-1000-8000-00805f9b34fb
D	19:29:26.875	gatt.readCharacteristic(00002a23-0000-1000-8000-00805f9b34fb)
I	19:29:26.910	Read Response received from 00002a23-0000-1000-8000-00805f9b34fb, value: (0x) 00-00-00-00-00-1F-DF-08
A	19:29:26.910	"(0x) 00-00-00-00-00-1F-DF-08" received
V	19:29:28.316	Reading characteristic 00002a50-0000-1000-8000-00805f9b34fb
D	19:29:28.316	gatt.readCharacteristic(00002a50-0000-1000-8000-00805f9b34fb)
I	19:29:28.381	Read Response received from 00002a50-0000-1000-8000-00805f9b34fb, value: (0x) 01-9E-00-0D-40-13-01
A	19:29:28.381	"Bluetooth SIG Company: Bose Corporation <0x009E>
Product Id: 16397
Product Version: 275" received
V	19:30:28.919	Disconnecting...
D	19:30:28.919	gatt.disconnect()
D	19:30:28.938	[Callback] Connection state changed with status: 0 and new state: DISCONNECTED (0)
I	19:30:28.938	Disconnected
D	19:30:29.990	[Broadcast] Action received: android.bluetooth.device.action.ACL_DISCONNECTED
D	19:30:33.193	gatt.close()
D	19:30:33.200	wait(200)
